{
  "RSpec": {
    "coverage": {
      "/home/proactive-analyst-6157/tic-tac-toe-rb-online-web-sp-000/lib/tic_tac_toe.rb": [
        1,
        null,
        1,
        16,
        16,
        16,
        16,
        16,
        null,
        null,
        null,
        1,
        15,
        null,
        null,
        1,
        14,
        null,
        null,
        1,
        42,
        29,
        13,
        13,
        null,
        0,
        null,
        null,
        null,
        1,
        15,
        12,
        null,
        3,
        null,
        null,
        null,
        1,
        12,
        null,
        12,
        12,
        null,
        12,
        11,
        11,
        null,
        1,
        null,
        null,
        null,
        1,
        13,
        13,
        117,
        10,
        null,
        null,
        13,
        null,
        null,
        1,
        12,
        9,
        null,
        3,
        null,
        null,
        null,
        1,
        63,
        63,
        63,
        null,
        null,
        null,
        1,
        10,
        46,
        null,
        null,
        null,
        1,
        7,
        null,
        null,
        1,
        23,
        21,
        null,
        2,
        null,
        null,
        null,
        1,
        14,
        14,
        null,
        null,
        null,
        null,
        null,
        1,
        12,
        9,
        null,
        12,
        12,
        0,
        0,
        null,
        null,
        null,
        null,
        null,
        null,
        null,
        null,
        null
      ]
    },
    "timestamp": 1587439818
  }
}
