{
  "RSpec": {
    "coverage": {
      "/home/proactive-analyst-6157/tic-tac-toe-rb-online-web-sp-000/lib/tic_tac_toe.rb": [
        1,
        null,
        1,
        25,
        25,
        25,
        25,
        25,
        null,
        null,
        null,
        1,
        24,
        null,
        null,
        1,
        23,
        null,
        null,
        1,
        31,
        26,
        5,
        5,
        null,
        0,
        null,
        null,
        null,
        1,
        24,
        21,
        null,
        3,
        null,
        null,
        null,
        1,
        24,
        null,
        24,
        21,
        null,
        21,
        20,
        20,
        null,
        1,
        null,
        null,
        null,
        1,
        22,
        22,
        198,
        32,
        null,
        null,
        22,
        null,
        null,
        1,
        21,
        14,
        null,
        7,
        null,
        null,
        null,
        1,
        35,
        35,
        35,
        null,
        35,
        null,
        null,
        1,
        47,
        211,
        null,
        null,
        null,
        1,
        25,
        null,
        null,
        1,
        22,
        6,
        null,
        16,
        null,
        null,
        null,
        1,
        3,
        0,
        null,
        null,
        null,
        null,
        null,
        1,
        12,
        22,
        null,
        8,
        1,
        7,
        3,
        null,
        null,
        null,
        null,
        null,
        null,
        null,
        null,
        null
      ]
    },
    "timestamp": 1587439853
  }
}
